[debug] [2020-08-20T09:06:24.839Z] ----------------------------------------------------------------------
[debug] [2020-08-20T09:06:24.934Z] Command:       C:\Program Files\nodejs\node.exe C:\Users\Hp\AppData\Roaming\npm\node_modules\firebase-tools\lib\bin\firebase.js init
[debug] [2020-08-20T09:06:24.934Z] CLI Version:   8.6.0
[debug] [2020-08-20T09:06:24.935Z] Platform:      win32
[debug] [2020-08-20T09:06:24.935Z] Node Version:  v12.14.0
[debug] [2020-08-20T09:06:25.208Z] Time:          Thu Aug 20 2020 10:06:24 GMT+0100 (West Africa Standard Time)
[debug] [2020-08-20T09:06:25.209Z] ----------------------------------------------------------------------
[debug] [2020-08-20T09:06:25.209Z] 
[debug] [2020-08-20T09:06:25.427Z] > command requires scopes: ["email","openid","https://www.googleapis.com/auth/cloudplatformprojects.readonly","https://www.googleapis.com/auth/firebase","https://www.googleapis.com/auth/cloud-platform"]
[debug] [2020-08-20T09:06:25.429Z] > authorizing via signed-in user
[info] 
     ######## #### ########  ######## ########     ###     ######  ########
     ##        ##  ##     ## ##       ##     ##  ##   ##  ##       ##
     ######    ##  ########  ######   ########  #########  ######  ######
     ##        ##  ##    ##  ##       ##     ## ##     ##       ## ##
     ##       #### ##     ## ######## ########  ##     ##  ######  ########

You're about to initialize a Firebase project in this directory:

  C:\Users\Hp\Desktop\MY PROJECT\java scrit practice\Transmonitor\trans-ui

Before we get started, keep in mind:

  * You are initializing in an existing Firebase project directory

